{"/Users/stevenjones/Desktop/401org/lab-15/src/app.js": {"path":"/Users/stevenjones/Desktop/401org/lab-15/src/app.js","statementMap":{"0":{"start":{"line":4,"column":16},"end":{"line":4,"column":34}},"1":{"start":{"line":5,"column":13},"end":{"line":5,"column":28}},"2":{"start":{"line":6,"column":15},"end":{"line":6,"column":32}},"3":{"start":{"line":9,"column":21},"end":{"line":9,"column":52}},"4":{"start":{"line":10,"column":17},"end":{"line":10,"column":49}},"5":{"start":{"line":14,"column":12},"end":{"line":14,"column":21}},"6":{"start":{"line":17,"column":18},"end":{"line":17,"column":41}},"7":{"start":{"line":18,"column":19},"end":{"line":18,"column":48}},"8":{"start":{"line":21,"column":0},"end":{"line":21,"column":16}},"9":{"start":{"line":22,"column":0},"end":{"line":22,"column":23}},"10":{"start":{"line":23,"column":0},"end":{"line":23,"column":43}},"11":{"start":{"line":25,"column":0},"end":{"line":25,"column":24}},"12":{"start":{"line":26,"column":0},"end":{"line":26,"column":45}},"13":{"start":{"line":29,"column":0},"end":{"line":31,"column":3}},"14":{"start":{"line":30,"column":2},"end":{"line":30,"column":42}},"15":{"start":{"line":33,"column":0},"end":{"line":33,"column":20}},"16":{"start":{"line":34,"column":0},"end":{"line":34,"column":19}},"17":{"start":{"line":38,"column":0},"end":{"line":38,"column":24}},"18":{"start":{"line":39,"column":0},"end":{"line":39,"column":22}},"19":{"start":{"line":42,"column":0},"end":{"line":45,"column":2}},"20":{"start":{"line":44,"column":19},"end":{"line":44,"column":92}},"21":{"start":{"line":44,"column":50},"end":{"line":44,"column":90}}},"fnMap":{"0":{"name":"(anonymous_0)","decl":{"start":{"line":29,"column":13},"end":{"line":29,"column":14}},"loc":{"start":{"line":29,"column":36},"end":{"line":31,"column":1}},"line":29},"1":{"name":"(anonymous_1)","decl":{"start":{"line":44,"column":9},"end":{"line":44,"column":10}},"loc":{"start":{"line":44,"column":19},"end":{"line":44,"column":92}},"line":44},"2":{"name":"(anonymous_2)","decl":{"start":{"line":44,"column":44},"end":{"line":44,"column":45}},"loc":{"start":{"line":44,"column":50},"end":{"line":44,"column":90}},"line":44}},"branchMap":{"0":{"loc":{"start":{"line":44,"column":30},"end":{"line":44,"column":42}},"type":"binary-expr","locations":[{"start":{"line":44,"column":30},"end":{"line":44,"column":34}},{"start":{"line":44,"column":38},"end":{"line":44,"column":42}}],"line":44}},"s":{"0":2,"1":2,"2":2,"3":2,"4":2,"5":2,"6":2,"7":2,"8":2,"9":2,"10":2,"11":2,"12":2,"13":2,"14":0,"15":2,"16":2,"17":2,"18":2,"19":2,"20":0,"21":0},"f":{"0":0,"1":0,"2":0},"b":{"0":[0,0]},"_coverageSchema":"43e27e138ebf9cfc5966b082cf9a028302ed4184","hash":"0450df59cdafb97eeb1e0a39daa8a83df5cb3dd1"}
,"/Users/stevenjones/Desktop/401org/lab-15/src/api/v1.js": {"path":"/Users/stevenjones/Desktop/401org/lab-15/src/api/v1.js","statementMap":{"0":{"start":{"line":9,"column":12},"end":{"line":9,"column":25}},"1":{"start":{"line":15,"column":16},"end":{"line":15,"column":34}},"2":{"start":{"line":17,"column":16},"end":{"line":17,"column":45}},"3":{"start":{"line":19,"column":20},"end":{"line":19,"column":68}},"4":{"start":{"line":20,"column":13},"end":{"line":20,"column":53}},"5":{"start":{"line":22,"column":20},"end":{"line":22,"column":62}},"6":{"start":{"line":30,"column":15},"end":{"line":30,"column":31}},"7":{"start":{"line":33,"column":0},"end":{"line":33,"column":35}},"8":{"start":{"line":35,"column":0},"end":{"line":35,"column":69}},"9":{"start":{"line":38,"column":0},"end":{"line":38,"column":57}},"10":{"start":{"line":39,"column":0},"end":{"line":39,"column":58}},"11":{"start":{"line":41,"column":0},"end":{"line":41,"column":61}},"12":{"start":{"line":42,"column":0},"end":{"line":42,"column":60}},"13":{"start":{"line":43,"column":0},"end":{"line":43,"column":66}},"14":{"start":{"line":55,"column":2},"end":{"line":63,"column":17}},"15":{"start":{"line":57,"column":21},"end":{"line":60,"column":7}},"16":{"start":{"line":61,"column":6},"end":{"line":61,"column":40}},"17":{"start":{"line":74,"column":2},"end":{"line":76,"column":17}},"18":{"start":{"line":75,"column":20},"end":{"line":75,"column":56}},"19":{"start":{"line":87,"column":2},"end":{"line":89,"column":17}},"20":{"start":{"line":88,"column":20},"end":{"line":88,"column":53}},"21":{"start":{"line":100,"column":2},"end":{"line":102,"column":17}},"22":{"start":{"line":101,"column":20},"end":{"line":101,"column":53}},"23":{"start":{"line":113,"column":2},"end":{"line":115,"column":17}},"24":{"start":{"line":114,"column":20},"end":{"line":114,"column":53}},"25":{"start":{"line":118,"column":0},"end":{"line":118,"column":24}}},"fnMap":{"0":{"name":"handleGetAll","decl":{"start":{"line":54,"column":9},"end":{"line":54,"column":21}},"loc":{"start":{"line":54,"column":47},"end":{"line":64,"column":1}},"line":54},"1":{"name":"(anonymous_1)","decl":{"start":{"line":56,"column":10},"end":{"line":56,"column":11}},"loc":{"start":{"line":56,"column":18},"end":{"line":62,"column":5}},"line":56},"2":{"name":"handleGetOne","decl":{"start":{"line":73,"column":9},"end":{"line":73,"column":21}},"loc":{"start":{"line":73,"column":47},"end":{"line":77,"column":1}},"line":73},"3":{"name":"(anonymous_3)","decl":{"start":{"line":75,"column":10},"end":{"line":75,"column":11}},"loc":{"start":{"line":75,"column":20},"end":{"line":75,"column":56}},"line":75},"4":{"name":"handlePost","decl":{"start":{"line":86,"column":9},"end":{"line":86,"column":19}},"loc":{"start":{"line":86,"column":45},"end":{"line":90,"column":1}},"line":86},"5":{"name":"(anonymous_5)","decl":{"start":{"line":88,"column":10},"end":{"line":88,"column":11}},"loc":{"start":{"line":88,"column":20},"end":{"line":88,"column":53}},"line":88},"6":{"name":"handlePut","decl":{"start":{"line":99,"column":9},"end":{"line":99,"column":18}},"loc":{"start":{"line":99,"column":44},"end":{"line":103,"column":1}},"line":99},"7":{"name":"(anonymous_7)","decl":{"start":{"line":101,"column":10},"end":{"line":101,"column":11}},"loc":{"start":{"line":101,"column":20},"end":{"line":101,"column":53}},"line":101},"8":{"name":"handleDelete","decl":{"start":{"line":112,"column":9},"end":{"line":112,"column":21}},"loc":{"start":{"line":112,"column":47},"end":{"line":116,"column":1}},"line":112},"9":{"name":"(anonymous_9)","decl":{"start":{"line":114,"column":10},"end":{"line":114,"column":11}},"loc":{"start":{"line":114,"column":20},"end":{"line":114,"column":53}},"line":114}},"branchMap":{},"s":{"0":1,"1":1,"2":1,"3":1,"4":1,"5":1,"6":1,"7":1,"8":1,"9":1,"10":1,"11":1,"12":1,"13":1,"14":0,"15":0,"16":0,"17":0,"18":0,"19":0,"20":0,"21":0,"22":0,"23":0,"24":0,"25":1},"f":{"0":0,"1":0,"2":0,"3":0,"4":0,"5":0,"6":0,"7":0,"8":0,"9":0},"b":{},"_coverageSchema":"43e27e138ebf9cfc5966b082cf9a028302ed4184","hash":"53bc4f5f97da6f2607a1af37db61e1af6e575625"}
,"/Users/stevenjones/Desktop/401org/lab-15/src/auth/middleware.js": {"path":"/Users/stevenjones/Desktop/401org/lab-15/src/auth/middleware.js","statementMap":{"0":{"start":{"line":10,"column":13},"end":{"line":10,"column":40}},"1":{"start":{"line":12,"column":0},"end":{"line":91,"column":2}},"2":{"start":{"line":14,"column":2},"end":{"line":89,"column":4}},"3":{"start":{"line":16,"column":4},"end":{"line":29,"column":5}},"4":{"start":{"line":17,"column":35},"end":{"line":17,"column":73}},"5":{"start":{"line":19,"column":6},"end":{"line":26,"column":7}},"6":{"start":{"line":21,"column":10},"end":{"line":21,"column":40}},"7":{"start":{"line":23,"column":10},"end":{"line":23,"column":41}},"8":{"start":{"line":25,"column":10},"end":{"line":25,"column":30}},"9":{"start":{"line":28,"column":6},"end":{"line":28,"column":19}},"10":{"start":{"line":40,"column":25},"end":{"line":40,"column":51}},"11":{"start":{"line":41,"column":25},"end":{"line":41,"column":48}},"12":{"start":{"line":42,"column":33},"end":{"line":42,"column":56}},"13":{"start":{"line":43,"column":17},"end":{"line":43,"column":39}},"14":{"start":{"line":45,"column":6},"end":{"line":47,"column":27}},"15":{"start":{"line":46,"column":22},"end":{"line":46,"column":41}},"16":{"start":{"line":58,"column":6},"end":{"line":62,"column":27}},"17":{"start":{"line":60,"column":10},"end":{"line":60,"column":37}},"18":{"start":{"line":71,"column":6},"end":{"line":78,"column":7}},"19":{"start":{"line":72,"column":8},"end":{"line":72,"column":24}},"20":{"start":{"line":73,"column":8},"end":{"line":73,"column":41}},"21":{"start":{"line":74,"column":8},"end":{"line":74,"column":15}},"22":{"start":{"line":77,"column":8},"end":{"line":77,"column":21}},"23":{"start":{"line":86,"column":6},"end":{"line":86,"column":39}}},"fnMap":{"0":{"name":"(anonymous_0)","decl":{"start":{"line":12,"column":17},"end":{"line":12,"column":18}},"loc":{"start":{"line":12,"column":33},"end":{"line":91,"column":1}},"line":12},"1":{"name":"(anonymous_1)","decl":{"start":{"line":14,"column":9},"end":{"line":14,"column":10}},"loc":{"start":{"line":14,"column":29},"end":{"line":89,"column":3}},"line":14},"2":{"name":"_authBasic","decl":{"start":{"line":38,"column":13},"end":{"line":38,"column":23}},"loc":{"start":{"line":38,"column":29},"end":{"line":48,"column":5}},"line":38},"3":{"name":"(anonymous_3)","decl":{"start":{"line":46,"column":14},"end":{"line":46,"column":15}},"loc":{"start":{"line":46,"column":22},"end":{"line":46,"column":41}},"line":46},"4":{"name":"_authBearer","decl":{"start":{"line":57,"column":13},"end":{"line":57,"column":24}},"loc":{"start":{"line":57,"column":37},"end":{"line":63,"column":5}},"line":57},"5":{"name":"(anonymous_5)","decl":{"start":{"line":59,"column":14},"end":{"line":59,"column":15}},"loc":{"start":{"line":59,"column":22},"end":{"line":61,"column":9}},"line":59},"6":{"name":"_authenticate","decl":{"start":{"line":70,"column":13},"end":{"line":70,"column":26}},"loc":{"start":{"line":70,"column":33},"end":{"line":79,"column":5}},"line":70},"7":{"name":"_authError","decl":{"start":{"line":85,"column":13},"end":{"line":85,"column":23}},"loc":{"start":{"line":85,"column":26},"end":{"line":87,"column":5}},"line":85}},"branchMap":{"0":{"loc":{"start":{"line":19,"column":6},"end":{"line":26,"column":7}},"type":"switch","locations":[{"start":{"line":20,"column":8},"end":{"line":21,"column":40}},{"start":{"line":22,"column":8},"end":{"line":23,"column":41}},{"start":{"line":24,"column":8},"end":{"line":25,"column":30}}],"line":19},"1":{"loc":{"start":{"line":71,"column":6},"end":{"line":78,"column":7}},"type":"if","locations":[{"start":{"line":71,"column":6},"end":{"line":78,"column":7}},{"start":{"line":71,"column":6},"end":{"line":78,"column":7}}],"line":71},"2":{"loc":{"start":{"line":71,"column":10},"end":{"line":71,"column":57}},"type":"binary-expr","locations":[{"start":{"line":71,"column":10},"end":{"line":71,"column":14}},{"start":{"line":71,"column":19},"end":{"line":71,"column":30}},{"start":{"line":71,"column":35},"end":{"line":71,"column":55}}],"line":71}},"s":{"0":3,"1":3,"2":15,"3":4,"4":4,"5":4,"6":2,"7":2,"8":0,"9":1,"10":2,"11":2,"12":2,"13":2,"14":2,"15":2,"16":2,"17":1,"18":3,"19":2,"20":2,"21":2,"22":1,"23":2},"f":{"0":15,"1":4,"2":2,"3":2,"4":2,"5":1,"6":3,"7":2},"b":{"0":[2,2,0],"1":[2,1],"2":[3,2,0]},"_coverageSchema":"43e27e138ebf9cfc5966b082cf9a028302ed4184","hash":"388495df80d0ca86987feb1b9bad5e618c7b877a"}
,"/Users/stevenjones/Desktop/401org/lab-15/src/auth/roles-model.js": {"path":"/Users/stevenjones/Desktop/401org/lab-15/src/auth/roles-model.js","statementMap":{"0":{"start":{"line":9,"column":17},"end":{"line":9,"column":36}},"1":{"start":{"line":11,"column":20},"end":{"line":14,"column":2}},"2":{"start":{"line":16,"column":0},"end":{"line":16,"column":54}}},"fnMap":{},"branchMap":{},"s":{"0":3,"1":3,"2":3},"f":{},"b":{},"_coverageSchema":"43e27e138ebf9cfc5966b082cf9a028302ed4184","hash":"f50802e94a4206acd64bda6a140bd414f50639bb"}
,"/Users/stevenjones/Desktop/401org/lab-15/src/auth/router.js": {"path":"/Users/stevenjones/Desktop/401org/lab-15/src/auth/router.js","statementMap":{"0":{"start":{"line":3,"column":16},"end":{"line":3,"column":34}},"1":{"start":{"line":4,"column":19},"end":{"line":4,"column":35}},"2":{"start":{"line":6,"column":13},"end":{"line":6,"column":40}},"3":{"start":{"line":7,"column":13},"end":{"line":7,"column":39}},"4":{"start":{"line":8,"column":14},"end":{"line":8,"column":42}},"5":{"start":{"line":10,"column":0},"end":{"line":20,"column":3}},"6":{"start":{"line":11,"column":13},"end":{"line":11,"column":31}},"7":{"start":{"line":12,"column":2},"end":{"line":19,"column":19}},"8":{"start":{"line":14,"column":6},"end":{"line":14,"column":39}},"9":{"start":{"line":15,"column":6},"end":{"line":15,"column":22}},"10":{"start":{"line":16,"column":6},"end":{"line":16,"column":34}},"11":{"start":{"line":17,"column":6},"end":{"line":17,"column":36}},"12":{"start":{"line":18,"column":6},"end":{"line":18,"column":38}},"13":{"start":{"line":22,"column":0},"end":{"line":25,"column":3}},"14":{"start":{"line":23,"column":2},"end":{"line":23,"column":32}},"15":{"start":{"line":24,"column":2},"end":{"line":24,"column":34}},"16":{"start":{"line":27,"column":0},"end":{"line":30,"column":3}},"17":{"start":{"line":28,"column":12},"end":{"line":28,"column":45}},"18":{"start":{"line":29,"column":2},"end":{"line":29,"column":33}},"19":{"start":{"line":32,"column":0},"end":{"line":38,"column":3}},"20":{"start":{"line":33,"column":2},"end":{"line":37,"column":17}},"21":{"start":{"line":35,"column":6},"end":{"line":35,"column":34}},"22":{"start":{"line":40,"column":0},"end":{"line":40,"column":28}}},"fnMap":{"0":{"name":"(anonymous_0)","decl":{"start":{"line":10,"column":27},"end":{"line":10,"column":28}},"loc":{"start":{"line":10,"column":47},"end":{"line":20,"column":1}},"line":10},"1":{"name":"(anonymous_1)","decl":{"start":{"line":13,"column":11},"end":{"line":13,"column":12}},"loc":{"start":{"line":13,"column":21},"end":{"line":19,"column":5}},"line":13},"2":{"name":"(anonymous_2)","decl":{"start":{"line":22,"column":33},"end":{"line":22,"column":34}},"loc":{"start":{"line":22,"column":53},"end":{"line":25,"column":1}},"line":22},"3":{"name":"(anonymous_3)","decl":{"start":{"line":27,"column":30},"end":{"line":27,"column":31}},"loc":{"start":{"line":27,"column":59},"end":{"line":30,"column":1}},"line":27},"4":{"name":"(anonymous_4)","decl":{"start":{"line":32,"column":25},"end":{"line":32,"column":26}},"loc":{"start":{"line":32,"column":43},"end":{"line":38,"column":1}},"line":32},"5":{"name":"(anonymous_5)","decl":{"start":{"line":34,"column":11},"end":{"line":34,"column":12}},"loc":{"start":{"line":34,"column":20},"end":{"line":36,"column":5}},"line":34}},"branchMap":{},"s":{"0":2,"1":2,"2":2,"3":2,"4":2,"5":2,"6":3,"7":3,"8":3,"9":3,"10":3,"11":3,"12":3,"13":2,"14":0,"15":0,"16":2,"17":0,"18":0,"19":2,"20":0,"21":0,"22":2},"f":{"0":3,"1":3,"2":0,"3":0,"4":0,"5":0},"b":{},"_coverageSchema":"43e27e138ebf9cfc5966b082cf9a028302ed4184","hash":"0b3010fae09ef22d316a56067e03d0b6dd1ac518"}
,"/Users/stevenjones/Desktop/401org/lab-15/src/auth/users-model.js": {"path":"/Users/stevenjones/Desktop/401org/lab-15/src/auth/users-model.js","statementMap":{"0":{"start":{"line":3,"column":17},"end":{"line":3,"column":36}},"1":{"start":{"line":4,"column":15},"end":{"line":4,"column":32}},"2":{"start":{"line":5,"column":12},"end":{"line":5,"column":35}},"3":{"start":{"line":7,"column":19},"end":{"line":7,"column":43}},"4":{"start":{"line":8,"column":26},"end":{"line":8,"column":55}},"5":{"start":{"line":9,"column":15},"end":{"line":9,"column":33}},"6":{"start":{"line":11,"column":19},"end":{"line":11,"column":28}},"7":{"start":{"line":13,"column":14},"end":{"line":18,"column":2}},"8":{"start":{"line":20,"column":0},"end":{"line":27,"column":3}},"9":{"start":{"line":21,"column":2},"end":{"line":26,"column":26}},"10":{"start":{"line":23,"column":6},"end":{"line":23,"column":37}},"11":{"start":{"line":24,"column":6},"end":{"line":24,"column":13}},"12":{"start":{"line":29,"column":0},"end":{"line":46,"column":2}},"13":{"start":{"line":31,"column":2},"end":{"line":31,"column":60}},"14":{"start":{"line":31,"column":16},"end":{"line":31,"column":58}},"15":{"start":{"line":33,"column":2},"end":{"line":44,"column":7}},"16":{"start":{"line":35,"column":6},"end":{"line":35,"column":56}},"17":{"start":{"line":35,"column":20},"end":{"line":35,"column":54}},"18":{"start":{"line":36,"column":6},"end":{"line":36,"column":49}},"19":{"start":{"line":37,"column":6},"end":{"line":37,"column":18}},"20":{"start":{"line":40,"column":6},"end":{"line":40,"column":39}},"21":{"start":{"line":41,"column":21},"end":{"line":41,"column":26}},"22":{"start":{"line":42,"column":21},"end":{"line":42,"column":27}},"23":{"start":{"line":43,"column":6},"end":{"line":43,"column":54}},"24":{"start":{"line":48,"column":0},"end":{"line":53,"column":2}},"25":{"start":{"line":49,"column":14},"end":{"line":49,"column":38}},"26":{"start":{"line":50,"column":2},"end":{"line":52,"column":36}},"27":{"start":{"line":51,"column":19},"end":{"line":51,"column":62}},"28":{"start":{"line":52,"column":21},"end":{"line":52,"column":33}},"29":{"start":{"line":55,"column":0},"end":{"line":69,"column":2}},"30":{"start":{"line":57,"column":2},"end":{"line":59,"column":3}},"31":{"start":{"line":58,"column":4},"end":{"line":58,"column":43}},"32":{"start":{"line":61,"column":2},"end":{"line":68,"column":55}},"33":{"start":{"line":62,"column":22},"end":{"line":62,"column":47}},"34":{"start":{"line":63,"column":4},"end":{"line":65,"column":5}},"35":{"start":{"line":64,"column":6},"end":{"line":64,"column":28}},"36":{"start":{"line":66,"column":16},"end":{"line":66,"column":37}},"37":{"start":{"line":67,"column":4},"end":{"line":67,"column":31}},"38":{"start":{"line":68,"column":20},"end":{"line":68,"column":53}},"39":{"start":{"line":71,"column":0},"end":{"line":74,"column":2}},"40":{"start":{"line":72,"column":2},"end":{"line":73,"column":41}},"41":{"start":{"line":73,"column":20},"end":{"line":73,"column":39}},"42":{"start":{"line":76,"column":0},"end":{"line":89,"column":2}},"43":{"start":{"line":78,"column":14},"end":{"line":82,"column":3}},"44":{"start":{"line":84,"column":20},"end":{"line":84,"column":22}},"45":{"start":{"line":85,"column":2},"end":{"line":87,"column":3}},"46":{"start":{"line":86,"column":4},"end":{"line":86,"column":50}},"47":{"start":{"line":88,"column":2},"end":{"line":88,"column":46}},"48":{"start":{"line":91,"column":0},"end":{"line":91,"column":48}}},"fnMap":{"0":{"name":"(anonymous_0)","decl":{"start":{"line":20,"column":18},"end":{"line":20,"column":19}},"loc":{"start":{"line":20,"column":33},"end":{"line":27,"column":1}},"line":20},"1":{"name":"(anonymous_1)","decl":{"start":{"line":22,"column":10},"end":{"line":22,"column":11}},"loc":{"start":{"line":22,"column":28},"end":{"line":25,"column":5}},"line":22},"2":{"name":"(anonymous_2)","decl":{"start":{"line":29,"column":32},"end":{"line":29,"column":33}},"loc":{"start":{"line":29,"column":48},"end":{"line":46,"column":1}},"line":29},"3":{"name":"(anonymous_3)","decl":{"start":{"line":34,"column":10},"end":{"line":34,"column":11}},"loc":{"start":{"line":34,"column":18},"end":{"line":38,"column":5}},"line":34},"4":{"name":"(anonymous_4)","decl":{"start":{"line":39,"column":12},"end":{"line":39,"column":13}},"loc":{"start":{"line":39,"column":21},"end":{"line":44,"column":5}},"line":39},"5":{"name":"(anonymous_5)","decl":{"start":{"line":48,"column":34},"end":{"line":48,"column":35}},"loc":{"start":{"line":48,"column":49},"end":{"line":53,"column":1}},"line":48},"6":{"name":"(anonymous_6)","decl":{"start":{"line":51,"column":11},"end":{"line":51,"column":12}},"loc":{"start":{"line":51,"column":19},"end":{"line":51,"column":62}},"line":51},"7":{"name":"(anonymous_7)","decl":{"start":{"line":52,"column":11},"end":{"line":52,"column":12}},"loc":{"start":{"line":52,"column":20},"end":{"line":52,"column":34}},"line":52},"8":{"name":"(anonymous_8)","decl":{"start":{"line":55,"column":34},"end":{"line":55,"column":35}},"loc":{"start":{"line":55,"column":49},"end":{"line":69,"column":1}},"line":55},"9":{"name":"(anonymous_9)","decl":{"start":{"line":71,"column":32},"end":{"line":71,"column":33}},"loc":{"start":{"line":71,"column":51},"end":{"line":74,"column":1}},"line":71},"10":{"name":"(anonymous_10)","decl":{"start":{"line":73,"column":11},"end":{"line":73,"column":12}},"loc":{"start":{"line":73,"column":20},"end":{"line":73,"column":39}},"line":73},"11":{"name":"(anonymous_11)","decl":{"start":{"line":76,"column":30},"end":{"line":76,"column":31}},"loc":{"start":{"line":76,"column":45},"end":{"line":89,"column":1}},"line":76}},"branchMap":{"0":{"loc":{"start":{"line":31,"column":2},"end":{"line":31,"column":60}},"type":"if","locations":[{"start":{"line":31,"column":2},"end":{"line":31,"column":60}},{"start":{"line":31,"column":2},"end":{"line":31,"column":60}}],"line":31},"1":{"loc":{"start":{"line":35,"column":6},"end":{"line":35,"column":56}},"type":"if","locations":[{"start":{"line":35,"column":6},"end":{"line":35,"column":56}},{"start":{"line":35,"column":6},"end":{"line":35,"column":56}}],"line":35},"2":{"loc":{"start":{"line":51,"column":19},"end":{"line":51,"column":62}},"type":"binary-expr","locations":[{"start":{"line":51,"column":19},"end":{"line":51,"column":23}},{"start":{"line":51,"column":27},"end":{"line":51,"column":62}}],"line":51},"3":{"loc":{"start":{"line":57,"column":2},"end":{"line":59,"column":3}},"type":"if","locations":[{"start":{"line":57,"column":2},"end":{"line":59,"column":3}},{"start":{"line":57,"column":2},"end":{"line":59,"column":3}}],"line":57},"4":{"loc":{"start":{"line":63,"column":4},"end":{"line":65,"column":5}},"type":"if","locations":[{"start":{"line":63,"column":4},"end":{"line":65,"column":5}},{"start":{"line":63,"column":4},"end":{"line":65,"column":5}}],"line":63},"5":{"loc":{"start":{"line":63,"column":9},"end":{"line":63,"column":49}},"type":"binary-expr","locations":[{"start":{"line":63,"column":9},"end":{"line":63,"column":19}},{"start":{"line":63,"column":23},"end":{"line":63,"column":49}}],"line":63},"6":{"loc":{"start":{"line":73,"column":20},"end":{"line":73,"column":39}},"type":"cond-expr","locations":[{"start":{"line":73,"column":28},"end":{"line":73,"column":32}},{"start":{"line":73,"column":35},"end":{"line":73,"column":39}}],"line":73},"7":{"loc":{"start":{"line":81,"column":10},"end":{"line":81,"column":27}},"type":"binary-expr","locations":[{"start":{"line":81,"column":10},"end":{"line":81,"column":14}},{"start":{"line":81,"column":18},"end":{"line":81,"column":27}}],"line":81},"8":{"loc":{"start":{"line":85,"column":2},"end":{"line":87,"column":3}},"type":"if","locations":[{"start":{"line":85,"column":2},"end":{"line":87,"column":3}},{"start":{"line":85,"column":2},"end":{"line":87,"column":3}}],"line":85},"9":{"loc":{"start":{"line":85,"column":5},"end":{"line":85,"column":40}},"type":"binary-expr","locations":[{"start":{"line":85,"column":5},"end":{"line":85,"column":19}},{"start":{"line":85,"column":23},"end":{"line":85,"column":40}}],"line":85}},"s":{"0":4,"1":4,"2":4,"3":4,"4":4,"5":4,"6":4,"7":4,"8":4,"9":6,"10":6,"11":6,"12":4,"13":0,"14":0,"15":0,"16":0,"17":0,"18":0,"19":0,"20":0,"21":0,"22":0,"23":0,"24":4,"25":2,"26":2,"27":2,"28":0,"29":4,"30":2,"31":0,"32":2,"33":2,"34":1,"35":0,"36":1,"37":1,"38":1,"39":4,"40":2,"41":2,"42":4,"43":5,"44":5,"45":5,"46":0,"47":5,"48":4},"f":{"0":6,"1":6,"2":0,"3":0,"4":0,"5":2,"6":2,"7":0,"8":2,"9":2,"10":2,"11":5},"b":{"0":[0,0],"1":[0,0],"2":[2,2],"3":[0,2],"4":[0,1],"5":[1,0],"6":[1,1],"7":[5,5],"8":[0,5],"9":[5,5]},"_coverageSchema":"43e27e138ebf9cfc5966b082cf9a028302ed4184","hash":"eba16c554cfcddd8e4cb61ad14597c03655a0cf6"}
,"/Users/stevenjones/Desktop/401org/lab-15/src/auth/oauth/google.js": {"path":"/Users/stevenjones/Desktop/401org/lab-15/src/auth/oauth/google.js","statementMap":{"0":{"start":{"line":3,"column":19},"end":{"line":3,"column":40}},"1":{"start":{"line":4,"column":14},"end":{"line":4,"column":42}},"2":{"start":{"line":6,"column":18},"end":{"line":46,"column":1}},"3":{"start":{"line":8,"column":13},"end":{"line":8,"column":27}},"4":{"start":{"line":9,"column":2},"end":{"line":9,"column":33}},"5":{"start":{"line":11,"column":2},"end":{"line":43,"column":27}},"6":{"start":{"line":21,"column":25},"end":{"line":21,"column":51}},"7":{"start":{"line":22,"column":6},"end":{"line":22,"column":53}},"8":{"start":{"line":23,"column":6},"end":{"line":23,"column":26}},"9":{"start":{"line":26,"column":6},"end":{"line":33,"column":11}},"10":{"start":{"line":29,"column":21},"end":{"line":29,"column":34}},"11":{"start":{"line":30,"column":10},"end":{"line":30,"column":36}},"12":{"start":{"line":31,"column":10},"end":{"line":31,"column":46}},"13":{"start":{"line":32,"column":10},"end":{"line":32,"column":22}},"14":{"start":{"line":36,"column":6},"end":{"line":36,"column":40}},"15":{"start":{"line":37,"column":6},"end":{"line":37,"column":46}},"16":{"start":{"line":40,"column":6},"end":{"line":40,"column":52}},"17":{"start":{"line":41,"column":6},"end":{"line":41,"column":44}},"18":{"start":{"line":43,"column":20},"end":{"line":43,"column":25}},"19":{"start":{"line":48,"column":0},"end":{"line":48,"column":29}}},"fnMap":{"0":{"name":"(anonymous_0)","decl":{"start":{"line":6,"column":18},"end":{"line":6,"column":19}},"loc":{"start":{"line":6,"column":27},"end":{"line":46,"column":1}},"line":6},"1":{"name":"(anonymous_1)","decl":{"start":{"line":20,"column":11},"end":{"line":20,"column":12}},"loc":{"start":{"line":20,"column":23},"end":{"line":24,"column":5}},"line":20},"2":{"name":"(anonymous_2)","decl":{"start":{"line":25,"column":10},"end":{"line":25,"column":11}},"loc":{"start":{"line":25,"column":19},"end":{"line":34,"column":5}},"line":25},"3":{"name":"(anonymous_3)","decl":{"start":{"line":28,"column":15},"end":{"line":28,"column":16}},"loc":{"start":{"line":28,"column":27},"end":{"line":33,"column":9}},"line":28},"4":{"name":"(anonymous_4)","decl":{"start":{"line":35,"column":10},"end":{"line":35,"column":11}},"loc":{"start":{"line":35,"column":23},"end":{"line":38,"column":5}},"line":35},"5":{"name":"(anonymous_5)","decl":{"start":{"line":39,"column":10},"end":{"line":39,"column":11}},"loc":{"start":{"line":39,"column":28},"end":{"line":42,"column":5}},"line":39},"6":{"name":"(anonymous_6)","decl":{"start":{"line":43,"column":11},"end":{"line":43,"column":12}},"loc":{"start":{"line":43,"column":20},"end":{"line":43,"column":25}},"line":43}},"branchMap":{},"s":{"0":2,"1":2,"2":2,"3":0,"4":0,"5":0,"6":0,"7":0,"8":0,"9":0,"10":0,"11":0,"12":0,"13":0,"14":0,"15":0,"16":0,"17":0,"18":0,"19":2},"f":{"0":0,"1":0,"2":0,"3":0,"4":0,"5":0,"6":0},"b":{},"_coverageSchema":"43e27e138ebf9cfc5966b082cf9a028302ed4184","hash":"d143779d6eee76845c470be58a1684af95dbdbab"}
,"/Users/stevenjones/Desktop/401org/lab-15/src/middleware/404.js": {"path":"/Users/stevenjones/Desktop/401org/lab-15/src/middleware/404.js","statementMap":{"0":{"start":{"line":3,"column":0},"end":{"line":10,"column":2}},"1":{"start":{"line":4,"column":14},"end":{"line":4,"column":45}},"2":{"start":{"line":5,"column":2},"end":{"line":5,"column":23}},"3":{"start":{"line":6,"column":2},"end":{"line":6,"column":34}},"4":{"start":{"line":7,"column":2},"end":{"line":7,"column":52}},"5":{"start":{"line":8,"column":2},"end":{"line":8,"column":35}},"6":{"start":{"line":9,"column":2},"end":{"line":9,"column":12}}},"fnMap":{"0":{"name":"(anonymous_0)","decl":{"start":{"line":3,"column":17},"end":{"line":3,"column":18}},"loc":{"start":{"line":3,"column":35},"end":{"line":10,"column":1}},"line":3}},"branchMap":{},"s":{"0":2,"1":0,"2":0,"3":0,"4":0,"5":0,"6":0},"f":{"0":0},"b":{},"_coverageSchema":"43e27e138ebf9cfc5966b082cf9a028302ed4184","hash":"016aa9b990fb25383d7e22fc7c86a8cf6a3e0ff1"}
,"/Users/stevenjones/Desktop/401org/lab-15/src/middleware/500.js": {"path":"/Users/stevenjones/Desktop/401org/lab-15/src/middleware/500.js","statementMap":{"0":{"start":{"line":3,"column":0},"end":{"line":10,"column":2}},"1":{"start":{"line":4,"column":14},"end":{"line":4,"column":28}},"2":{"start":{"line":5,"column":2},"end":{"line":5,"column":23}},"3":{"start":{"line":6,"column":2},"end":{"line":6,"column":37}},"4":{"start":{"line":7,"column":2},"end":{"line":7,"column":52}},"5":{"start":{"line":8,"column":2},"end":{"line":8,"column":37}},"6":{"start":{"line":9,"column":2},"end":{"line":9,"column":12}}},"fnMap":{"0":{"name":"(anonymous_0)","decl":{"start":{"line":3,"column":17},"end":{"line":3,"column":18}},"loc":{"start":{"line":3,"column":42},"end":{"line":10,"column":1}},"line":3}},"branchMap":{},"s":{"0":2,"1":0,"2":0,"3":0,"4":0,"5":0,"6":0},"f":{"0":0},"b":{},"_coverageSchema":"43e27e138ebf9cfc5966b082cf9a028302ed4184","hash":"a664298ad86b0d0cd67bb3eff43281c033f282ac"}
,"/Users/stevenjones/Desktop/401org/lab-15/src/middleware/model-finder.js": {"path":"/Users/stevenjones/Desktop/401org/lab-15/src/middleware/model-finder.js","statementMap":{"0":{"start":{"line":3,"column":0},"end":{"line":13,"column":2}},"1":{"start":{"line":4,"column":20},"end":{"line":4,"column":40}},"2":{"start":{"line":5,"column":2},"end":{"line":11,"column":3}},"3":{"start":{"line":6,"column":18},"end":{"line":6,"column":60}},"4":{"start":{"line":7,"column":4},"end":{"line":7,"column":32}},"5":{"start":{"line":8,"column":4},"end":{"line":8,"column":11}},"6":{"start":{"line":10,"column":4},"end":{"line":10,"column":42}}},"fnMap":{"0":{"name":"(anonymous_0)","decl":{"start":{"line":3,"column":17},"end":{"line":3,"column":18}},"loc":{"start":{"line":3,"column":46},"end":{"line":13,"column":1}},"line":3}},"branchMap":{"0":{"loc":{"start":{"line":5,"column":2},"end":{"line":11,"column":3}},"type":"if","locations":[{"start":{"line":5,"column":2},"end":{"line":11,"column":3}},{"start":{"line":5,"column":2},"end":{"line":11,"column":3}}],"line":5},"1":{"loc":{"start":{"line":5,"column":5},"end":{"line":5,"column":59}},"type":"binary-expr","locations":[{"start":{"line":5,"column":5},"end":{"line":5,"column":31}},{"start":{"line":5,"column":35},"end":{"line":5,"column":59}}],"line":5}},"s":{"0":2,"1":0,"2":0,"3":0,"4":0,"5":0,"6":0},"f":{"0":0},"b":{"0":[0,0],"1":[0,0]},"_coverageSchema":"43e27e138ebf9cfc5966b082cf9a028302ed4184","hash":"40383b01fc332a7f205d62209a066d8171e6d15e"}
,"/Users/stevenjones/Desktop/401org/lab-15/src/middleware/populate-roles.js": {"path":"/Users/stevenjones/Desktop/401org/lab-15/src/middleware/populate-roles.js","statementMap":{"0":{"start":{"line":9,"column":14},"end":{"line":9,"column":47}},"1":{"start":{"line":11,"column":0},"end":{"line":31,"column":2}},"2":{"start":{"line":12,"column":20},"end":{"line":12,"column":102}},"3":{"start":{"line":13,"column":16},"end":{"line":13,"column":87}},"4":{"start":{"line":14,"column":17},"end":{"line":14,"column":79}},"5":{"start":{"line":15,"column":15},"end":{"line":15,"column":55}},"6":{"start":{"line":17,"column":2},"end":{"line":30,"column":5}},"7":{"start":{"line":18,"column":4},"end":{"line":29,"column":28}},"8":{"start":{"line":20,"column":8},"end":{"line":27,"column":9}},"9":{"start":{"line":21,"column":26},"end":{"line":21,"column":41}},"10":{"start":{"line":22,"column":10},"end":{"line":24,"column":13}}},"fnMap":{"0":{"name":"(anonymous_0)","decl":{"start":{"line":11,"column":17},"end":{"line":11,"column":18}},"loc":{"start":{"line":11,"column":37},"end":{"line":31,"column":1}},"line":11},"1":{"name":"(anonymous_1)","decl":{"start":{"line":17,"column":43},"end":{"line":17,"column":44}},"loc":{"start":{"line":17,"column":51},"end":{"line":30,"column":3}},"line":17},"2":{"name":"(anonymous_2)","decl":{"start":{"line":19,"column":12},"end":{"line":19,"column":13}},"loc":{"start":{"line":19,"column":22},"end":{"line":28,"column":7}},"line":19},"3":{"name":"(anonymous_3)","decl":{"start":{"line":22,"column":30},"end":{"line":22,"column":31}},"loc":{"start":{"line":22,"column":38},"end":{"line":24,"column":11}},"line":22}},"branchMap":{"0":{"loc":{"start":{"line":20,"column":8},"end":{"line":27,"column":9}},"type":"if","locations":[{"start":{"line":20,"column":8},"end":{"line":27,"column":9}},{"start":{"line":20,"column":8},"end":{"line":27,"column":9}}],"line":20}},"s":{"0":1,"1":1,"2":1,"3":1,"4":1,"5":1,"6":1,"7":4,"8":4,"9":4,"10":4},"f":{"0":1,"1":4,"2":4,"3":4},"b":{"0":[4,0]},"_coverageSchema":"43e27e138ebf9cfc5966b082cf9a028302ed4184","hash":"a8aa74b91cede55dfc0f663c700d6479e1a83f2f"}
,"/Users/stevenjones/Desktop/401org/lab-15/src/routes/api.js": {"path":"/Users/stevenjones/Desktop/401org/lab-15/src/routes/api.js","statementMap":{"0":{"start":{"line":1,"column":16},"end":{"line":1,"column":34}},"1":{"start":{"line":2,"column":15},"end":{"line":2,"column":31}},"2":{"start":{"line":3,"column":13},"end":{"line":3,"column":42}},"3":{"start":{"line":5,"column":20},"end":{"line":5,"column":57}},"4":{"start":{"line":7,"column":0},"end":{"line":7,"column":35}},"5":{"start":{"line":9,"column":0},"end":{"line":9,"column":43}},"6":{"start":{"line":11,"column":0},"end":{"line":11,"column":50}},"7":{"start":{"line":13,"column":0},"end":{"line":13,"column":53}},"8":{"start":{"line":15,"column":0},"end":{"line":15,"column":53}},"9":{"start":{"line":17,"column":0},"end":{"line":17,"column":56}},"10":{"start":{"line":23,"column":2},"end":{"line":31,"column":19}},"11":{"start":{"line":25,"column":21},"end":{"line":28,"column":7}},"12":{"start":{"line":29,"column":6},"end":{"line":29,"column":40}},"13":{"start":{"line":36,"column":2},"end":{"line":38,"column":19}},"14":{"start":{"line":37,"column":21},"end":{"line":37,"column":54}},"15":{"start":{"line":43,"column":2},"end":{"line":47,"column":19}},"16":{"start":{"line":45,"column":6},"end":{"line":45,"column":40}},"17":{"start":{"line":52,"column":2},"end":{"line":54,"column":19}},"18":{"start":{"line":53,"column":21},"end":{"line":53,"column":54}},"19":{"start":{"line":59,"column":2},"end":{"line":61,"column":19}},"20":{"start":{"line":60,"column":21},"end":{"line":60,"column":54}},"21":{"start":{"line":64,"column":0},"end":{"line":64,"column":24}}},"fnMap":{"0":{"name":"handleGetAll","decl":{"start":{"line":21,"column":9},"end":{"line":21,"column":21}},"loc":{"start":{"line":21,"column":45},"end":{"line":32,"column":1}},"line":21},"1":{"name":"(anonymous_1)","decl":{"start":{"line":24,"column":11},"end":{"line":24,"column":12}},"loc":{"start":{"line":24,"column":19},"end":{"line":30,"column":5}},"line":24},"2":{"name":"handleGetOne","decl":{"start":{"line":34,"column":9},"end":{"line":34,"column":21}},"loc":{"start":{"line":34,"column":45},"end":{"line":39,"column":1}},"line":34},"3":{"name":"(anonymous_3)","decl":{"start":{"line":37,"column":11},"end":{"line":37,"column":12}},"loc":{"start":{"line":37,"column":21},"end":{"line":37,"column":54}},"line":37},"4":{"name":"handleCreate","decl":{"start":{"line":41,"column":9},"end":{"line":41,"column":21}},"loc":{"start":{"line":41,"column":45},"end":{"line":48,"column":1}},"line":41},"5":{"name":"(anonymous_5)","decl":{"start":{"line":44,"column":11},"end":{"line":44,"column":12}},"loc":{"start":{"line":44,"column":21},"end":{"line":46,"column":5}},"line":44},"6":{"name":"handleUpdate","decl":{"start":{"line":50,"column":9},"end":{"line":50,"column":21}},"loc":{"start":{"line":50,"column":45},"end":{"line":55,"column":1}},"line":50},"7":{"name":"(anonymous_7)","decl":{"start":{"line":53,"column":11},"end":{"line":53,"column":12}},"loc":{"start":{"line":53,"column":21},"end":{"line":53,"column":54}},"line":53},"8":{"name":"handleDelete","decl":{"start":{"line":57,"column":9},"end":{"line":57,"column":21}},"loc":{"start":{"line":57,"column":45},"end":{"line":62,"column":1}},"line":57},"9":{"name":"(anonymous_9)","decl":{"start":{"line":60,"column":11},"end":{"line":60,"column":12}},"loc":{"start":{"line":60,"column":21},"end":{"line":60,"column":54}},"line":60}},"branchMap":{},"s":{"0":2,"1":2,"2":2,"3":2,"4":2,"5":2,"6":2,"7":2,"8":2,"9":2,"10":0,"11":0,"12":0,"13":0,"14":0,"15":0,"16":0,"17":0,"18":0,"19":0,"20":0,"21":2},"f":{"0":0,"1":0,"2":0,"3":0,"4":0,"5":0,"6":0,"7":0,"8":0,"9":0},"b":{},"_coverageSchema":"43e27e138ebf9cfc5966b082cf9a028302ed4184","hash":"37334abccd9d5e30006dd062cefefbb547469aad"}
}
