TN:
SF:/Users/stevenjones/Desktop/401org/lab-15/src/app.js
FN:29,(anonymous_0)
FN:44,(anonymous_1)
FN:44,(anonymous_2)
FNF:3
FNH:0
FNDA:0,(anonymous_0)
FNDA:0,(anonymous_1)
FNDA:0,(anonymous_2)
DA:4,2
DA:5,2
DA:6,2
DA:9,2
DA:10,2
DA:14,2
DA:17,2
DA:18,2
DA:21,2
DA:22,2
DA:23,2
DA:25,2
DA:26,2
DA:29,2
DA:30,0
DA:33,2
DA:34,2
DA:38,2
DA:39,2
DA:42,2
DA:44,0
LF:21
LH:19
BRDA:44,0,0,0
BRDA:44,0,1,0
BRF:2
BRH:0
end_of_record
TN:
SF:/Users/stevenjones/Desktop/401org/lab-15/src/api/v1.js
FN:54,handleGetAll
FN:56,(anonymous_1)
FN:73,handleGetOne
FN:75,(anonymous_3)
FN:86,handlePost
FN:88,(anonymous_5)
FN:99,handlePut
FN:101,(anonymous_7)
FN:112,handleDelete
FN:114,(anonymous_9)
FNF:10
FNH:0
FNDA:0,handleGetAll
FNDA:0,(anonymous_1)
FNDA:0,handleGetOne
FNDA:0,(anonymous_3)
FNDA:0,handlePost
FNDA:0,(anonymous_5)
FNDA:0,handlePut
FNDA:0,(anonymous_7)
FNDA:0,handleDelete
FNDA:0,(anonymous_9)
DA:9,1
DA:15,1
DA:17,1
DA:19,1
DA:20,1
DA:22,1
DA:30,1
DA:33,1
DA:35,1
DA:38,1
DA:39,1
DA:41,1
DA:42,1
DA:43,1
DA:55,0
DA:57,0
DA:61,0
DA:74,0
DA:75,0
DA:87,0
DA:88,0
DA:100,0
DA:101,0
DA:113,0
DA:114,0
DA:118,1
LF:26
LH:15
BRF:0
BRH:0
end_of_record
TN:
SF:/Users/stevenjones/Desktop/401org/lab-15/src/auth/middleware.js
FN:12,(anonymous_0)
FN:14,(anonymous_1)
FN:38,_authBasic
FN:46,(anonymous_3)
FN:57,_authBearer
FN:59,(anonymous_5)
FN:70,_authenticate
FN:85,_authError
FNF:8
FNH:8
FNDA:15,(anonymous_0)
FNDA:4,(anonymous_1)
FNDA:2,_authBasic
FNDA:2,(anonymous_3)
FNDA:2,_authBearer
FNDA:1,(anonymous_5)
FNDA:3,_authenticate
FNDA:2,_authError
DA:10,3
DA:12,3
DA:14,15
DA:16,4
DA:17,4
DA:19,4
DA:21,2
DA:23,2
DA:25,0
DA:28,1
DA:40,2
DA:41,2
DA:42,2
DA:43,2
DA:45,2
DA:46,2
DA:58,2
DA:60,1
DA:71,3
DA:72,2
DA:73,2
DA:74,2
DA:77,1
DA:86,2
LF:24
LH:23
BRDA:19,0,0,2
BRDA:19,0,1,2
BRDA:19,0,2,0
BRDA:71,1,0,2
BRDA:71,1,1,1
BRDA:71,2,0,3
BRDA:71,2,1,2
BRDA:71,2,2,0
BRF:8
BRH:6
end_of_record
TN:
SF:/Users/stevenjones/Desktop/401org/lab-15/src/auth/roles-model.js
FNF:0
FNH:0
DA:9,3
DA:11,3
DA:16,3
LF:3
LH:3
BRF:0
BRH:0
end_of_record
TN:
SF:/Users/stevenjones/Desktop/401org/lab-15/src/auth/router.js
FN:10,(anonymous_0)
FN:13,(anonymous_1)
FN:22,(anonymous_2)
FN:27,(anonymous_3)
FN:32,(anonymous_4)
FN:34,(anonymous_5)
FNF:6
FNH:2
FNDA:3,(anonymous_0)
FNDA:3,(anonymous_1)
FNDA:0,(anonymous_2)
FNDA:0,(anonymous_3)
FNDA:0,(anonymous_4)
FNDA:0,(anonymous_5)
DA:3,2
DA:4,2
DA:6,2
DA:7,2
DA:8,2
DA:10,2
DA:11,3
DA:12,3
DA:14,3
DA:15,3
DA:16,3
DA:17,3
DA:18,3
DA:22,2
DA:23,0
DA:24,0
DA:27,2
DA:28,0
DA:29,0
DA:32,2
DA:33,0
DA:35,0
DA:40,2
LF:23
LH:17
BRF:0
BRH:0
end_of_record
TN:
SF:/Users/stevenjones/Desktop/401org/lab-15/src/auth/users-model.js
FN:20,(anonymous_0)
FN:22,(anonymous_1)
FN:29,(anonymous_2)
FN:34,(anonymous_3)
FN:39,(anonymous_4)
FN:48,(anonymous_5)
FN:51,(anonymous_6)
FN:52,(anonymous_7)
FN:55,(anonymous_8)
FN:71,(anonymous_9)
FN:73,(anonymous_10)
FN:76,(anonymous_11)
FNF:12
FNH:8
FNDA:6,(anonymous_0)
FNDA:6,(anonymous_1)
FNDA:0,(anonymous_2)
FNDA:0,(anonymous_3)
FNDA:0,(anonymous_4)
FNDA:2,(anonymous_5)
FNDA:2,(anonymous_6)
FNDA:0,(anonymous_7)
FNDA:2,(anonymous_8)
FNDA:2,(anonymous_9)
FNDA:2,(anonymous_10)
FNDA:5,(anonymous_11)
DA:3,4
DA:4,4
DA:5,4
DA:7,4
DA:8,4
DA:9,4
DA:11,4
DA:13,4
DA:20,4
DA:21,6
DA:23,6
DA:24,6
DA:29,4
DA:31,0
DA:33,0
DA:35,0
DA:36,0
DA:37,0
DA:40,0
DA:41,0
DA:42,0
DA:43,0
DA:48,4
DA:49,2
DA:50,2
DA:51,2
DA:52,0
DA:55,4
DA:57,2
DA:58,0
DA:61,2
DA:62,2
DA:63,1
DA:64,0
DA:66,1
DA:67,1
DA:68,1
DA:71,4
DA:72,2
DA:73,2
DA:76,4
DA:78,5
DA:84,5
DA:85,5
DA:86,0
DA:88,5
DA:91,4
LF:47
LH:34
BRDA:31,0,0,0
BRDA:31,0,1,0
BRDA:35,1,0,0
BRDA:35,1,1,0
BRDA:51,2,0,2
BRDA:51,2,1,2
BRDA:57,3,0,0
BRDA:57,3,1,2
BRDA:63,4,0,0
BRDA:63,4,1,1
BRDA:63,5,0,1
BRDA:63,5,1,0
BRDA:73,6,0,1
BRDA:73,6,1,1
BRDA:81,7,0,5
BRDA:81,7,1,5
BRDA:85,8,0,0
BRDA:85,8,1,5
BRDA:85,9,0,5
BRDA:85,9,1,5
BRF:20
BRH:12
end_of_record
TN:
SF:/Users/stevenjones/Desktop/401org/lab-15/src/auth/oauth/google.js
FN:6,(anonymous_0)
FN:20,(anonymous_1)
FN:25,(anonymous_2)
FN:28,(anonymous_3)
FN:35,(anonymous_4)
FN:39,(anonymous_5)
FN:43,(anonymous_6)
FNF:7
FNH:0
FNDA:0,(anonymous_0)
FNDA:0,(anonymous_1)
FNDA:0,(anonymous_2)
FNDA:0,(anonymous_3)
FNDA:0,(anonymous_4)
FNDA:0,(anonymous_5)
FNDA:0,(anonymous_6)
DA:3,2
DA:4,2
DA:6,2
DA:8,0
DA:9,0
DA:11,0
DA:21,0
DA:22,0
DA:23,0
DA:26,0
DA:29,0
DA:30,0
DA:31,0
DA:32,0
DA:36,0
DA:37,0
DA:40,0
DA:41,0
DA:43,0
DA:48,2
LF:20
LH:4
BRF:0
BRH:0
end_of_record
TN:
SF:/Users/stevenjones/Desktop/401org/lab-15/src/middleware/404.js
FN:3,(anonymous_0)
FNF:1
FNH:0
FNDA:0,(anonymous_0)
DA:3,2
DA:4,0
DA:5,0
DA:6,0
DA:7,0
DA:8,0
DA:9,0
LF:7
LH:1
BRF:0
BRH:0
end_of_record
TN:
SF:/Users/stevenjones/Desktop/401org/lab-15/src/middleware/500.js
FN:3,(anonymous_0)
FNF:1
FNH:0
FNDA:0,(anonymous_0)
DA:3,2
DA:4,0
DA:5,0
DA:6,0
DA:7,0
DA:8,0
DA:9,0
LF:7
LH:1
BRF:0
BRH:0
end_of_record
TN:
SF:/Users/stevenjones/Desktop/401org/lab-15/src/middleware/model-finder.js
FN:3,(anonymous_0)
FNF:1
FNH:0
FNDA:0,(anonymous_0)
DA:3,2
DA:4,0
DA:5,0
DA:6,0
DA:7,0
DA:8,0
DA:10,0
LF:7
LH:1
BRDA:5,0,0,0
BRDA:5,0,1,0
BRDA:5,1,0,0
BRDA:5,1,1,0
BRF:4
BRH:0
end_of_record
TN:
SF:/Users/stevenjones/Desktop/401org/lab-15/src/middleware/populate-roles.js
FN:11,(anonymous_0)
FN:17,(anonymous_1)
FN:19,(anonymous_2)
FN:22,(anonymous_3)
FNF:4
FNH:4
FNDA:1,(anonymous_0)
FNDA:4,(anonymous_1)
FNDA:4,(anonymous_2)
FNDA:4,(anonymous_3)
DA:9,1
DA:11,1
DA:12,1
DA:13,1
DA:14,1
DA:15,1
DA:17,1
DA:18,4
DA:20,4
DA:21,4
DA:22,4
LF:11
LH:11
BRDA:20,0,0,4
BRDA:20,0,1,0
BRF:2
BRH:1
end_of_record
TN:
SF:/Users/stevenjones/Desktop/401org/lab-15/src/routes/api.js
FN:21,handleGetAll
FN:24,(anonymous_1)
FN:34,handleGetOne
FN:37,(anonymous_3)
FN:41,handleCreate
FN:44,(anonymous_5)
FN:50,handleUpdate
FN:53,(anonymous_7)
FN:57,handleDelete
FN:60,(anonymous_9)
FNF:10
FNH:0
FNDA:0,handleGetAll
FNDA:0,(anonymous_1)
FNDA:0,handleGetOne
FNDA:0,(anonymous_3)
FNDA:0,handleCreate
FNDA:0,(anonymous_5)
FNDA:0,handleUpdate
FNDA:0,(anonymous_7)
FNDA:0,handleDelete
FNDA:0,(anonymous_9)
DA:1,2
DA:2,2
DA:3,2
DA:5,2
DA:7,2
DA:9,2
DA:11,2
DA:13,2
DA:15,2
DA:17,2
DA:23,0
DA:25,0
DA:29,0
DA:36,0
DA:37,0
DA:43,0
DA:45,0
DA:52,0
DA:53,0
DA:59,0
DA:60,0
DA:64,2
LF:22
LH:11
BRF:0
BRH:0
end_of_record
